2023.01.22 15:30:59 INFO  es[][o.e.e.NodeEnvironment] using [1] data paths, mounts [[/opt/sonarqube/data (/dev/sda3)]], net usable_space [5.9gb], net total_space [28.8gb], types [ext4]
2023.01.22 15:30:59 INFO  es[][o.e.e.NodeEnvironment] heap size [494.9mb], compressed ordinary object pointers [true]
2023.01.22 15:30:59 INFO  es[][o.e.n.Node] node name [sonarqube], node ID [LjA0vTJfQlCE8qBy-XyEyA]
2023.01.22 15:30:59 INFO  es[][o.e.n.Node] version[6.8.4], pid[38], build[default/tar/bca0c8d/2019-10-16T06:19:49.319352Z], OS[Linux/5.15.0-58-generic/amd64], JVM[AdoptOpenJDK/OpenJDK 64-Bit Server VM/11.0.8/11.0.8+10]
2023.01.22 15:30:59 INFO  es[][o.e.n.Node] JVM arguments [-XX:+UseConcMarkSweepGC, -XX:CMSInitiatingOccupancyFraction=75, -XX:+UseCMSInitiatingOccupancyOnly, -Des.networkaddress.cache.ttl=60, -Des.networkaddress.cache.negative.ttl=10, -XX:+AlwaysPreTouch, -Xss1m, -Djava.awt.headless=true, -Dfile.encoding=UTF-8, -Djna.nosys=true, -XX:-OmitStackTraceInFastThrow, -Dio.netty.noUnsafe=true, -Dio.netty.noKeySetOptimization=true, -Dio.netty.recycler.maxCapacityPerThread=0, -Dlog4j.shutdownHookEnabled=false, -Dlog4j2.disable.jmx=true, -Djava.io.tmpdir=/opt/sonarqube/temp, -XX:ErrorFile=../logs/es_hs_err_pid%p.log, -Xmx512m, -Xms512m, -XX:+HeapDumpOnOutOfMemoryError, -Dbootstrap.system_call_filter=false, -Des.path.home=/opt/sonarqube/elasticsearch, -Des.path.conf=/opt/sonarqube/temp/conf/es, -Des.distribution.flavor=default, -Des.distribution.type=tar]
2023.01.22 15:31:00 INFO  es[][o.e.p.PluginsService] loaded module [analysis-common]
2023.01.22 15:31:00 INFO  es[][o.e.p.PluginsService] loaded module [lang-painless]
2023.01.22 15:31:00 INFO  es[][o.e.p.PluginsService] loaded module [mapper-extras]
2023.01.22 15:31:00 INFO  es[][o.e.p.PluginsService] loaded module [parent-join]
2023.01.22 15:31:00 INFO  es[][o.e.p.PluginsService] loaded module [percolator]
2023.01.22 15:31:00 INFO  es[][o.e.p.PluginsService] loaded module [repository-url]
2023.01.22 15:31:00 INFO  es[][o.e.p.PluginsService] loaded module [transport-netty4]
2023.01.22 15:31:00 INFO  es[][o.e.p.PluginsService] no plugins loaded
2023.01.22 15:31:03 WARN  es[][o.e.d.c.s.Settings] [http.enabled] setting was deprecated in Elasticsearch and will be removed in a future release! See the breaking changes documentation for the next major version.
2023.01.22 15:31:05 INFO  es[][o.e.d.DiscoveryModule] using discovery type [zen] and host providers [settings]
2023.01.22 15:31:06 INFO  es[][o.e.n.Node] initialized
2023.01.22 15:31:06 INFO  es[][o.e.n.Node] starting ...
2023.01.22 15:31:06 INFO  es[][o.e.t.TransportService] publish_address {127.0.0.1:9001}, bound_addresses {127.0.0.1:9001}
2023.01.22 15:31:09 INFO  es[][o.e.c.s.MasterService] zen-disco-elected-as-master ([0] nodes joined), reason: new_master {sonarqube}{LjA0vTJfQlCE8qBy-XyEyA}{reRPsvjuQB63wsHUdeV3Bg}{127.0.0.1}{127.0.0.1:9001}{rack_id=sonarqube}
2023.01.22 15:31:09 INFO  es[][o.e.c.s.ClusterApplierService] new_master {sonarqube}{LjA0vTJfQlCE8qBy-XyEyA}{reRPsvjuQB63wsHUdeV3Bg}{127.0.0.1}{127.0.0.1:9001}{rack_id=sonarqube}, reason: apply cluster state (from master [master {sonarqube}{LjA0vTJfQlCE8qBy-XyEyA}{reRPsvjuQB63wsHUdeV3Bg}{127.0.0.1}{127.0.0.1:9001}{rack_id=sonarqube} committed version [1] source [zen-disco-elected-as-master ([0] nodes joined)]])
2023.01.22 15:31:09 INFO  es[][o.e.n.Node] started
2023.01.22 15:31:09 INFO  es[][o.e.g.GatewayService] recovered [0] indices into cluster_state
2023.01.22 15:31:30 INFO  es[][o.e.c.m.MetaDataCreateIndexService] [metadatas] creating index, cause [api], templates [], shards [1]/[0], mappings []
2023.01.22 15:31:30 INFO  es[][o.e.c.r.a.AllocationService] Cluster health status changed from [YELLOW] to [GREEN] (reason: [shards started [[metadatas][0]] ...]).
2023.01.22 15:31:30 INFO  es[][o.e.c.m.MetaDataMappingService] [metadatas/CGh4FMULQjiGkM-tqImbBg] create_mapping [metadata]
2023.01.22 15:31:31 INFO  es[][o.e.c.m.MetaDataCreateIndexService] [components] creating index, cause [api], templates [], shards [5]/[0], mappings []
2023.01.22 15:31:31 INFO  es[][o.e.c.r.a.AllocationService] Cluster health status changed from [YELLOW] to [GREEN] (reason: [shards started [[components][4]] ...]).
2023.01.22 15:31:31 INFO  es[][o.e.c.m.MetaDataMappingService] [components/itiRlPAPTE2nty_Z0IUC5Q] create_mapping [auth]
2023.01.22 15:31:32 INFO  es[][o.e.c.m.MetaDataCreateIndexService] [projectmeasures] creating index, cause [api], templates [], shards [5]/[0], mappings []
2023.01.22 15:31:32 INFO  es[][o.e.c.r.a.AllocationService] Cluster health status changed from [YELLOW] to [GREEN] (reason: [shards started [[projectmeasures][4]] ...]).
2023.01.22 15:31:32 INFO  es[][o.e.c.m.MetaDataMappingService] [projectmeasures/j-L-2QphTqSw5WAzr5pYZw] create_mapping [auth]
2023.01.22 15:31:32 INFO  es[][o.e.c.m.MetaDataCreateIndexService] [rules] creating index, cause [api], templates [], shards [2]/[0], mappings []
2023.01.22 15:31:32 INFO  es[][o.e.c.r.a.AllocationService] Cluster health status changed from [YELLOW] to [GREEN] (reason: [shards started [[rules][0]] ...]).
2023.01.22 15:31:32 INFO  es[][o.e.c.m.MetaDataMappingService] [rules/yRKvAyI-SlSoS6q1K_IFPw] create_mapping [rule]
2023.01.22 15:31:32 INFO  es[][o.e.c.m.MetaDataCreateIndexService] [issues] creating index, cause [api], templates [], shards [5]/[0], mappings []
2023.01.22 15:31:33 INFO  es[][o.e.c.r.a.AllocationService] Cluster health status changed from [YELLOW] to [GREEN] (reason: [shards started [[issues][4]] ...]).
2023.01.22 15:31:33 INFO  es[][o.e.c.m.MetaDataMappingService] [issues/HOoJvwqWR769ytZF64mugg] create_mapping [auth]
2023.01.22 15:31:33 INFO  es[][o.e.c.m.MetaDataCreateIndexService] [users] creating index, cause [api], templates [], shards [1]/[0], mappings []
2023.01.22 15:31:33 INFO  es[][o.e.c.r.a.AllocationService] Cluster health status changed from [YELLOW] to [GREEN] (reason: [shards started [[users][0]] ...]).
2023.01.22 15:31:33 INFO  es[][o.e.c.m.MetaDataMappingService] [users/YxY3sOHZSFmKM6VP6CA4XQ] create_mapping [user]
2023.01.22 15:31:33 INFO  es[][o.e.c.m.MetaDataCreateIndexService] [views] creating index, cause [api], templates [], shards [5]/[0], mappings []
2023.01.22 15:31:33 INFO  es[][o.e.c.r.a.AllocationService] Cluster health status changed from [YELLOW] to [GREEN] (reason: [shards started [[views][4]] ...]).
2023.01.22 15:31:33 INFO  es[][o.e.c.m.MetaDataMappingService] [views/kvQgRzKfRG-tcQS9KWW2kQ] create_mapping [view]
2023.01.22 15:32:19 INFO  es[][o.e.c.s.IndexScopedSettings] updating [index.refresh_interval] from [30s] to [-1]
2023.01.22 15:32:19 INFO  es[][o.e.c.s.IndexScopedSettings] updating [index.refresh_interval] from [30s] to [-1]
2023.01.22 15:32:19 INFO  es[][o.e.c.s.IndexScopedSettings] updating [index.refresh_interval] from [-1] to [30s]
2023.01.22 15:32:19 INFO  es[][o.e.c.s.IndexScopedSettings] updating [index.refresh_interval] from [-1] to [30s]
2023.01.22 15:32:20 INFO  es[][o.e.c.s.IndexScopedSettings] updating [index.refresh_interval] from [30s] to [-1]
2023.01.22 15:32:20 INFO  es[][o.e.c.s.IndexScopedSettings] updating [index.refresh_interval] from [30s] to [-1]
2023.01.22 15:32:20 INFO  es[][o.e.c.s.IndexScopedSettings] updating [index.refresh_interval] from [-1] to [30s]
2023.01.22 15:32:20 INFO  es[][o.e.c.s.IndexScopedSettings] updating [index.refresh_interval] from [-1] to [30s]
