2023.01.24 08:21:09 INFO  app[][o.s.a.SchedulerImpl] Stopping SonarQube
2023.01.24 08:21:10 INFO  app[][o.s.a.SchedulerImpl] Process[ce] is stopped
2023.01.24 08:21:11 INFO  app[][o.s.a.SchedulerImpl] Process[web] is stopped
2023.01.24 08:21:12 INFO  app[][o.s.a.SchedulerImpl] Process[es] is stopped
2023.01.24 08:21:12 INFO  app[][o.s.a.SchedulerImpl] SonarQube is stopped
2023.01.24 08:21:12 WARN  app[][o.s.a.p.AbstractManagedProcess] Process exited with exit value [es]: 143
2023.01.24 08:32:19 INFO  app[][o.s.a.AppFileSystem] Cleaning or creating temp directory /opt/sonarqube/temp
2023.01.24 08:32:19 INFO  app[][o.s.a.es.EsSettings] Elasticsearch listening on /127.0.0.1:9001
2023.01.24 08:32:19 INFO  app[][o.s.a.ProcessLauncherImpl] Launch process[[key='es', ipcIndex=1, logFilenamePrefix=es]] from [/opt/sonarqube/elasticsearch]: /opt/sonarqube/elasticsearch/bin/elasticsearch
2023.01.24 08:32:19 INFO  app[][o.s.a.SchedulerImpl] Waiting for Elasticsearch to be up and running
2023.01.24 08:32:19 INFO  app[][o.e.p.PluginsService] no modules loaded
2023.01.24 08:32:19 INFO  app[][o.e.p.PluginsService] loaded plugin [org.elasticsearch.transport.Netty4Plugin]
2023.01.24 08:32:31 INFO  app[][o.s.a.SchedulerImpl] Process[es] is up
2023.01.24 08:32:31 INFO  app[][o.s.a.ProcessLauncherImpl] Launch process[[key='web', ipcIndex=2, logFilenamePrefix=web]] from [/opt/sonarqube]: /opt/java/openjdk/bin/java -Djava.awt.headless=true -Dfile.encoding=UTF-8 -Djava.io.tmpdir=/opt/sonarqube/temp -XX:-OmitStackTraceInFastThrow --add-opens=java.base/java.util=ALL-UNNAMED --add-opens=java.base/java.lang=ALL-UNNAMED --add-opens=java.base/java.io=ALL-UNNAMED --add-opens=java.rmi/sun.rmi.transport=ALL-UNNAMED -Xmx512m -Xms128m -XX:+HeapDumpOnOutOfMemoryError -Dhttp.nonProxyHosts=localhost|127.*|[::1] -cp ./lib/common/*:/opt/sonarqube/lib/jdbc/h2/h2-1.4.199.jar org.sonar.server.app.WebServer /opt/sonarqube/temp/sq-process4391201703079444551properties
2023.01.24 08:32:51 INFO  app[][o.s.a.SchedulerImpl] Process[web] is up
2023.01.24 08:32:51 INFO  app[][o.s.a.ProcessLauncherImpl] Launch process[[key='ce', ipcIndex=3, logFilenamePrefix=ce]] from [/opt/sonarqube]: /opt/java/openjdk/bin/java -Djava.awt.headless=true -Dfile.encoding=UTF-8 -Djava.io.tmpdir=/opt/sonarqube/temp -XX:-OmitStackTraceInFastThrow --add-opens=java.base/java.util=ALL-UNNAMED -Xmx512m -Xms128m -XX:+HeapDumpOnOutOfMemoryError -Dhttp.nonProxyHosts=localhost|127.*|[::1] -cp ./lib/common/*:/opt/sonarqube/lib/jdbc/h2/h2-1.4.199.jar org.sonar.ce.app.CeServer /opt/sonarqube/temp/sq-process1332530716690257983properties
2023.01.24 08:32:56 INFO  app[][o.s.a.SchedulerImpl] Process[ce] is up
2023.01.24 08:32:56 INFO  app[][o.s.a.SchedulerImpl] SonarQube is up
2023.01.24 08:37:44 INFO  app[][o.s.a.SchedulerImpl] Stopping SonarQube
2023.01.24 08:37:45 INFO  app[][o.s.a.SchedulerImpl] Process[ce] is stopped
2023.01.24 08:37:46 INFO  app[][o.s.a.SchedulerImpl] Process[web] is stopped
2023.01.24 08:37:46 WARN  app[][o.s.a.p.AbstractManagedProcess] Process exited with exit value [es]: 143
2023.01.24 08:37:46 INFO  app[][o.s.a.SchedulerImpl] Process[es] is stopped
2023.01.24 08:37:46 INFO  app[][o.s.a.SchedulerImpl] SonarQube is stopped
2023.01.24 08:38:05 INFO  app[][o.s.a.AppFileSystem] Cleaning or creating temp directory /opt/sonarqube/temp
2023.01.24 08:38:05 INFO  app[][o.s.a.es.EsSettings] Elasticsearch listening on /127.0.0.1:9001
2023.01.24 08:38:05 INFO  app[][o.s.a.ProcessLauncherImpl] Launch process[[key='es', ipcIndex=1, logFilenamePrefix=es]] from [/opt/sonarqube/elasticsearch]: /opt/sonarqube/elasticsearch/bin/elasticsearch
2023.01.24 08:38:05 INFO  app[][o.s.a.SchedulerImpl] Waiting for Elasticsearch to be up and running
2023.01.24 08:38:05 INFO  app[][o.e.p.PluginsService] no modules loaded
2023.01.24 08:38:05 INFO  app[][o.e.p.PluginsService] loaded plugin [org.elasticsearch.transport.Netty4Plugin]
2023.01.24 08:38:17 INFO  app[][o.s.a.SchedulerImpl] Process[es] is up
2023.01.24 08:38:17 INFO  app[][o.s.a.ProcessLauncherImpl] Launch process[[key='web', ipcIndex=2, logFilenamePrefix=web]] from [/opt/sonarqube]: /opt/java/openjdk/bin/java -Djava.awt.headless=true -Dfile.encoding=UTF-8 -Djava.io.tmpdir=/opt/sonarqube/temp -XX:-OmitStackTraceInFastThrow --add-opens=java.base/java.util=ALL-UNNAMED --add-opens=java.base/java.lang=ALL-UNNAMED --add-opens=java.base/java.io=ALL-UNNAMED --add-opens=java.rmi/sun.rmi.transport=ALL-UNNAMED -Xmx512m -Xms128m -XX:+HeapDumpOnOutOfMemoryError -Dhttp.nonProxyHosts=localhost|127.*|[::1] -cp ./lib/common/*:/opt/sonarqube/lib/jdbc/h2/h2-1.4.199.jar org.sonar.server.app.WebServer /opt/sonarqube/temp/sq-process5100405314549006150properties
2023.01.24 08:38:23 INFO  app[][o.s.a.SchedulerImpl] Process[web] is stopped
2023.01.24 08:38:23 WARN  app[][o.s.a.p.AbstractManagedProcess] Process exited with exit value [es]: 143
2023.01.24 08:38:23 INFO  app[][o.s.a.SchedulerImpl] Process[es] is stopped
2023.01.24 08:38:23 INFO  app[][o.s.a.SchedulerImpl] SonarQube is stopped
2023.01.24 08:38:37 INFO  app[][o.s.a.AppFileSystem] Cleaning or creating temp directory /opt/sonarqube/temp
2023.01.24 08:38:37 INFO  app[][o.s.a.es.EsSettings] Elasticsearch listening on /127.0.0.1:9001
2023.01.24 08:38:37 INFO  app[][o.s.a.ProcessLauncherImpl] Launch process[[key='es', ipcIndex=1, logFilenamePrefix=es]] from [/opt/sonarqube/elasticsearch]: /opt/sonarqube/elasticsearch/bin/elasticsearch
2023.01.24 08:38:37 INFO  app[][o.s.a.SchedulerImpl] Waiting for Elasticsearch to be up and running
2023.01.24 08:38:37 INFO  app[][o.e.p.PluginsService] no modules loaded
2023.01.24 08:38:37 INFO  app[][o.e.p.PluginsService] loaded plugin [org.elasticsearch.transport.Netty4Plugin]
2023.01.24 08:38:47 INFO  app[][o.s.a.SchedulerImpl] Process[es] is up
2023.01.24 08:38:47 INFO  app[][o.s.a.ProcessLauncherImpl] Launch process[[key='web', ipcIndex=2, logFilenamePrefix=web]] from [/opt/sonarqube]: /opt/java/openjdk/bin/java -Djava.awt.headless=true -Dfile.encoding=UTF-8 -Djava.io.tmpdir=/opt/sonarqube/temp -XX:-OmitStackTraceInFastThrow --add-opens=java.base/java.util=ALL-UNNAMED --add-opens=java.base/java.lang=ALL-UNNAMED --add-opens=java.base/java.io=ALL-UNNAMED --add-opens=java.rmi/sun.rmi.transport=ALL-UNNAMED -Xmx512m -Xms128m -XX:+HeapDumpOnOutOfMemoryError -Dhttp.nonProxyHosts=localhost|127.*|[::1] -cp ./lib/common/*:/opt/sonarqube/lib/jdbc/h2/h2-1.4.199.jar org.sonar.server.app.WebServer /opt/sonarqube/temp/sq-process8999775834038937170properties
2023.01.24 08:38:53 INFO  app[][o.s.a.SchedulerImpl] Process[web] is stopped
2023.01.24 08:38:53 INFO  app[][o.s.a.SchedulerImpl] Process[es] is stopped
2023.01.24 08:38:53 WARN  app[][o.s.a.p.AbstractManagedProcess] Process exited with exit value [es]: 143
2023.01.24 08:38:53 INFO  app[][o.s.a.SchedulerImpl] SonarQube is stopped
2023.01.24 08:39:21 INFO  app[][o.s.a.AppFileSystem] Cleaning or creating temp directory /opt/sonarqube/temp
2023.01.24 08:39:21 INFO  app[][o.s.a.es.EsSettings] Elasticsearch listening on /127.0.0.1:9001
2023.01.24 08:39:21 INFO  app[][o.s.a.ProcessLauncherImpl] Launch process[[key='es', ipcIndex=1, logFilenamePrefix=es]] from [/opt/sonarqube/elasticsearch]: /opt/sonarqube/elasticsearch/bin/elasticsearch
2023.01.24 08:39:21 INFO  app[][o.s.a.SchedulerImpl] Waiting for Elasticsearch to be up and running
2023.01.24 08:39:21 INFO  app[][o.e.p.PluginsService] no modules loaded
2023.01.24 08:39:21 INFO  app[][o.e.p.PluginsService] loaded plugin [org.elasticsearch.transport.Netty4Plugin]
2023.01.24 08:39:32 INFO  app[][o.s.a.SchedulerImpl] Process[es] is up
2023.01.24 08:39:32 INFO  app[][o.s.a.ProcessLauncherImpl] Launch process[[key='web', ipcIndex=2, logFilenamePrefix=web]] from [/opt/sonarqube]: /opt/java/openjdk/bin/java -Djava.awt.headless=true -Dfile.encoding=UTF-8 -Djava.io.tmpdir=/opt/sonarqube/temp -XX:-OmitStackTraceInFastThrow --add-opens=java.base/java.util=ALL-UNNAMED --add-opens=java.base/java.lang=ALL-UNNAMED --add-opens=java.base/java.io=ALL-UNNAMED --add-opens=java.rmi/sun.rmi.transport=ALL-UNNAMED -Xmx512m -Xms128m -XX:+HeapDumpOnOutOfMemoryError -Dhttp.nonProxyHosts=localhost|127.*|[::1] -cp ./lib/common/*:/opt/sonarqube/lib/jdbc/h2/h2-1.4.199.jar org.sonar.server.app.WebServer /opt/sonarqube/temp/sq-process10384984186153386587properties
2023.01.24 08:39:50 INFO  app[][o.s.a.SchedulerImpl] Process[web] is up
2023.01.24 08:39:50 INFO  app[][o.s.a.ProcessLauncherImpl] Launch process[[key='ce', ipcIndex=3, logFilenamePrefix=ce]] from [/opt/sonarqube]: /opt/java/openjdk/bin/java -Djava.awt.headless=true -Dfile.encoding=UTF-8 -Djava.io.tmpdir=/opt/sonarqube/temp -XX:-OmitStackTraceInFastThrow --add-opens=java.base/java.util=ALL-UNNAMED -Xmx512m -Xms128m -XX:+HeapDumpOnOutOfMemoryError -Dhttp.nonProxyHosts=localhost|127.*|[::1] -cp ./lib/common/*:/opt/sonarqube/lib/jdbc/h2/h2-1.4.199.jar org.sonar.ce.app.CeServer /opt/sonarqube/temp/sq-process185584863057285848properties
2023.01.24 08:39:55 INFO  app[][o.s.a.SchedulerImpl] Process[ce] is up
2023.01.24 08:39:55 INFO  app[][o.s.a.SchedulerImpl] SonarQube is up
2023.01.24 10:45:54 INFO  app[][o.s.a.SchedulerImpl] Stopping SonarQube
2023.01.24 10:45:54 INFO  app[][o.s.a.SchedulerImpl] Process[ce] is stopped
2023.01.24 10:45:55 INFO  app[][o.s.a.SchedulerImpl] Process[web] is stopped
2023.01.24 10:45:56 INFO  app[][o.s.a.SchedulerImpl] Process[es] is stopped
2023.01.24 10:45:56 INFO  app[][o.s.a.SchedulerImpl] SonarQube is stopped
2023.01.24 10:45:56 WARN  app[][o.s.a.p.AbstractManagedProcess] Process exited with exit value [es]: 143
