2023.01.24 08:21:10 INFO  web[][o.s.p.ProcessEntryPoint] Gracefully stopping process
2023.01.24 08:21:10 INFO  web[][o.s.s.n.NotificationDaemon] Notification service stopped
2023.01.24 08:21:11 INFO  web[][o.s.s.p.d.EmbeddedDatabase] Embedded database stopped
2023.01.24 08:21:11 INFO  web[][o.s.s.app.WebServer] WebServer stopped
2023.01.24 08:32:31 INFO  web[][o.s.p.ProcessEntryPoint] Starting web
2023.01.24 08:32:32 INFO  web[][o.a.t.u.n.NioSelectorPool] Using a shared selector for servlet write/read
2023.01.24 08:32:33 INFO  web[][o.e.p.PluginsService] no modules loaded
2023.01.24 08:32:33 INFO  web[][o.e.p.PluginsService] loaded plugin [org.elasticsearch.join.ParentJoinPlugin]
2023.01.24 08:32:33 INFO  web[][o.e.p.PluginsService] loaded plugin [org.elasticsearch.percolator.PercolatorPlugin]
2023.01.24 08:32:33 INFO  web[][o.e.p.PluginsService] loaded plugin [org.elasticsearch.transport.Netty4Plugin]
2023.01.24 08:32:34 INFO  web[][o.s.s.e.EsClientProvider] Connected to local Elasticsearch: [127.0.0.1:9001]
2023.01.24 08:32:34 INFO  web[][o.s.s.p.LogServerVersion] SonarQube Server / 8.5.1.38104 / 568d59cd4cc6521467703887ba4bc2861cf6f3f1
2023.01.24 08:32:35 INFO  web[][o.s.s.p.d.EmbeddedDatabase] Starting embedded database on port 9092 with url jdbc:h2:tcp://127.0.0.1:9092/sonar
2023.01.24 08:32:35 INFO  web[][o.s.s.p.d.EmbeddedDatabase] Embedded database started. Data stored in: /opt/sonarqube/data
2023.01.24 08:32:35 INFO  web[][o.sonar.db.Database] Create JDBC data source for jdbc:h2:tcp://127.0.0.1:9092/sonar
2023.01.24 08:32:35 WARN  web[][o.s.db.dialect.H2] H2 database should be used for evaluation purpose only.
2023.01.24 08:32:36 INFO  web[][o.s.s.p.ServerFileSystemImpl] SonarQube home: /opt/sonarqube
2023.01.24 08:32:36 INFO  web[][o.s.s.u.SystemPasscodeImpl] System authentication by passcode is disabled
2023.01.24 08:32:36 INFO  web[][o.s.s.p.ServerPluginManager] Deploy plugin C# Code Quality and Security / 8.13.1.21947 / 6b0b8a220b9698836e5489199ca0a4e09bc778ff
2023.01.24 08:32:36 INFO  web[][o.s.s.p.ServerPluginManager] Deploy plugin CSS Code Quality and Security / 1.3.1.1642 / f249c9f1b256ec276f3ba6d6d900a64849119709
2023.01.24 08:32:36 INFO  web[][o.s.s.p.ServerPluginManager] Deploy plugin JaCoCo / 1.1.0.898 / f65b288e6c2888393bd7fb72ad7ac1425f88eebf
2023.01.24 08:32:36 INFO  web[][o.s.s.p.ServerPluginManager] Deploy plugin Java Code Quality and Security / 6.8.0.23379 / 1eb56f1dc616bc0c52994040288593bc0170136f
2023.01.24 08:32:36 INFO  web[][o.s.s.p.ServerPluginManager] Deploy plugin JavaScript/TypeScript Code Quality and Security / 6.5.0.13383 / 571826181a8fdfbefd8d16a8a020f48b9d74676b
2023.01.24 08:32:36 INFO  web[][o.s.s.p.ServerPluginManager] Deploy plugin PHP Code Quality and Security / 3.9.0.6331 / 5951b3f0be60713cb05ec3608734e2489a4b0670
2023.01.24 08:32:36 INFO  web[][o.s.s.p.ServerPluginManager] Deploy plugin Python Code Quality and Security / 3.1.0.7619 / afa4cc5b20ce4ae18a7cba39f196ea7bee64eaa0
2023.01.24 08:32:36 INFO  web[][o.s.s.p.ServerPluginManager] Deploy plugin SonarFlex / 2.5.1.1831 / a0c44437f6abb0feec76edd073f91fec64db2a6c
2023.01.24 08:32:36 INFO  web[][o.s.s.p.ServerPluginManager] Deploy plugin SonarGo / 1.6.0.719 / edcc6a9e42fcdd30bb6f84a779c6cd7009ec72fd
2023.01.24 08:32:36 INFO  web[][o.s.s.p.ServerPluginManager] Deploy plugin SonarHTML / 3.2.0.2082 / 997a51b39c4d0a5399c73a8fb729030a69eb392b
2023.01.24 08:32:36 INFO  web[][o.s.s.p.ServerPluginManager] Deploy plugin SonarKotlin / 1.5.0.315 / 4ff3a145a58f3f84f1b39846a205a129d742e993
2023.01.24 08:32:36 INFO  web[][o.s.s.p.ServerPluginManager] Deploy plugin SonarRuby / 1.5.0.315 / 4ff3a145a58f3f84f1b39846a205a129d742e993
2023.01.24 08:32:36 INFO  web[][o.s.s.p.ServerPluginManager] Deploy plugin SonarScala / 1.5.0.315 / 4ff3a145a58f3f84f1b39846a205a129d742e993
2023.01.24 08:32:36 INFO  web[][o.s.s.p.ServerPluginManager] Deploy plugin SonarXML / 2.0.1.2020 / c5b84004face582d56f110e24c29bf9c6a679e69
2023.01.24 08:32:36 INFO  web[][o.s.s.p.ServerPluginManager] Deploy plugin VB.NET Code Quality and Security / 8.13.1.21947 / 6b0b8a220b9698836e5489199ca0a4e09bc778ff
2023.01.24 08:32:38 INFO  web[][o.s.s.p.w.MasterServletFilter] Initializing servlet filter org.sonar.server.platform.web.WebServiceFilter@7b3c627f [pattern=UrlPattern{inclusions=[/api/system/migrate_db.*, ...], exclusions=[/api/components/update_key, ...]}]
2023.01.24 08:32:38 INFO  web[][o.s.s.a.EmbeddedTomcat] HTTP connector enabled on port 9000
2023.01.24 08:32:40 INFO  web[][o.s.s.p.UpdateCenterClient] Update center: https://update.sonarsource.org/update-center.properties (no proxy)
2023.01.24 08:32:41 INFO  web[][o.s.s.s.LogServerId] Server ID: BF41A1F2-AYXaGxfHTOuXQzfT7xpU
2023.01.24 08:32:41 WARN  web[][o.s.s.a.LogOAuthWarning] For security reasons, OAuth authentication should use HTTPS. You should set the property 'Administration > Configuration > Server base URL' to a HTTPS URL.
2023.01.24 08:32:41 WARN  web[][o.s.a.s.w.WebService$Action] The response example is not set on action api/plugins/download
2023.01.24 08:32:41 WARN  web[][o.s.a.s.w.WebService$Action] The response example is not set on action api/permissions/search_templates
2023.01.24 08:32:41 INFO  web[][o.s.s.t.TelemetryDaemon] Sharing of SonarQube statistics is enabled.
2023.01.24 08:32:41 INFO  web[][o.s.s.n.NotificationDaemon] Notification service started (delay 60 sec.)
2023.01.24 08:32:41 INFO  web[][o.s.s.a.p.ExpiredSessionsCleaner] Purge of expired session tokens has removed 0 elements
2023.01.24 08:32:41 INFO  web[][o.s.s.a.p.ExpiredSessionsCleaner] Purge of expired SAML message ids has removed 0 elements
2023.01.24 08:32:41 INFO  web[][o.s.s.s.GeneratePluginIndex] Generate scanner plugin index
2023.01.24 08:32:41 INFO  web[][o.s.s.s.RegisterPlugins] Register plugins
2023.01.24 08:32:41 INFO  web[][o.s.s.s.RegisterMetrics] Register metrics
2023.01.24 08:32:41 INFO  web[][o.s.s.r.RegisterRules] Register rules
2023.01.24 08:32:48 INFO  web[][o.s.s.q.BuiltInQProfileRepositoryImpl] Load quality profiles
2023.01.24 08:32:48 WARN  web[][o.s.p.j.JavaScriptProfilesDefinition] Adding security ruleKeys []
2023.01.24 08:32:48 WARN  web[][o.s.p.j.JavaScriptProfilesDefinition] Adding security ruleKeys []
2023.01.24 08:32:48 WARN  web[][o.s.p.j.JavaScriptProfilesDefinition] Adding security ruleKeys []
2023.01.24 08:32:48 WARN  web[][o.s.p.j.JavaScriptProfilesDefinition] Adding security ruleKeys []
2023.01.24 08:32:49 INFO  web[][o.s.s.q.RegisterQualityProfiles] Register quality profiles
2023.01.24 08:32:49 INFO  web[][o.s.s.q.RegisterQualityProfiles] Update profile css/Sonar way
2023.01.24 08:32:49 INFO  web[][o.s.s.q.RegisterQualityProfiles] Update profile scala/Sonar way
2023.01.24 08:32:49 INFO  web[][o.s.s.q.RegisterQualityProfiles] Update profile jsp/Sonar way
2023.01.24 08:32:49 INFO  web[][o.s.s.q.RegisterQualityProfiles] Update profile go/Sonar way
2023.01.24 08:32:49 INFO  web[][o.s.s.q.RegisterQualityProfiles] Update profile kotlin/Sonar way
2023.01.24 08:32:49 INFO  web[][o.s.s.q.RegisterQualityProfiles] Update profile js/Sonar way
2023.01.24 08:32:49 INFO  web[][o.s.s.q.RegisterQualityProfiles] Update profile js/Sonar way Recommended
2023.01.24 08:32:49 INFO  web[][o.s.s.q.RegisterQualityProfiles] Update profile py/Sonar way
2023.01.24 08:32:49 INFO  web[][o.s.s.q.RegisterQualityProfiles] Update profile ruby/Sonar way
2023.01.24 08:32:50 INFO  web[][o.s.s.q.RegisterQualityProfiles] Update profile cs/Sonar way
2023.01.24 08:32:50 INFO  web[][o.s.s.q.RegisterQualityProfiles] Update profile java/Sonar way
2023.01.24 08:32:50 INFO  web[][o.s.s.q.RegisterQualityProfiles] Update profile web/Sonar way
2023.01.24 08:32:50 INFO  web[][o.s.s.q.RegisterQualityProfiles] Update profile xml/Sonar way
2023.01.24 08:32:50 INFO  web[][o.s.s.q.RegisterQualityProfiles] Update profile flex/Sonar way
2023.01.24 08:32:50 INFO  web[][o.s.s.q.RegisterQualityProfiles] Update profile php/Sonar way
2023.01.24 08:32:50 INFO  web[][o.s.s.q.RegisterQualityProfiles] Update profile php/PSR-2
2023.01.24 08:32:50 INFO  web[][o.s.s.q.RegisterQualityProfiles] Update profile php/Drupal
2023.01.24 08:32:50 INFO  web[][o.s.s.q.RegisterQualityProfiles] Update profile vbnet/Sonar way
2023.01.24 08:32:50 INFO  web[][o.s.s.q.RegisterQualityProfiles] Update profile ts/Sonar way
2023.01.24 08:32:50 INFO  web[][o.s.s.q.RegisterQualityProfiles] Update profile ts/Sonar way recommended
2023.01.24 08:32:50 INFO  web[][o.s.s.s.RegisterPermissionTemplates] Register permission templates
2023.01.24 08:32:50 INFO  web[][o.s.s.s.RenameDeprecatedPropertyKeys] Rename deprecated property keys
2023.01.24 08:32:50 INFO  web[][o.s.s.p.w.MasterServletFilter] Initializing servlet filter org.sonar.server.platform.web.WebServiceFilter@37783e30 [pattern=UrlPattern{inclusions=[/api/issues/delete_comment.*, ...], exclusions=[/api/authentication/login.*, ...]}]
2023.01.24 08:32:50 INFO  web[][o.s.s.p.w.MasterServletFilter] Initializing servlet filter org.sonar.server.platform.web.WebServiceReroutingFilter@752da057 [pattern=UrlPattern{inclusions=[/api/components/bulk_update_key, ...], exclusions=[]}]
2023.01.24 08:32:50 INFO  web[][o.s.s.p.w.MasterServletFilter] Initializing servlet filter org.sonar.server.authentication.InitFilter@3d6ee7f [pattern=UrlPattern{inclusions=[/sessions/init/*], exclusions=[]}]
2023.01.24 08:32:50 INFO  web[][o.s.s.p.w.MasterServletFilter] Initializing servlet filter org.sonar.server.authentication.OAuth2CallbackFilter@6a41b413 [pattern=UrlPattern{inclusions=[/oauth2/callback/*], exclusions=[]}]
2023.01.24 08:32:50 INFO  web[][o.s.s.p.w.MasterServletFilter] Initializing servlet filter org.sonar.server.authentication.ws.LoginAction@49de758e [pattern=UrlPattern{inclusions=[/api/authentication/login], exclusions=[]}]
2023.01.24 08:32:50 INFO  web[][o.s.s.p.w.MasterServletFilter] Initializing servlet filter org.sonar.server.authentication.ws.LogoutAction@6880a365 [pattern=UrlPattern{inclusions=[/api/authentication/logout], exclusions=[]}]
2023.01.24 08:32:50 INFO  web[][o.s.s.p.w.MasterServletFilter] Initializing servlet filter org.sonar.server.authentication.ws.ValidateAction@51cee8e9 [pattern=UrlPattern{inclusions=[/api/authentication/validate], exclusions=[]}]
2023.01.24 08:32:50 INFO  web[][o.s.s.q.ProjectsInWarningDaemon] Counting number of projects in warning is not started as there are no projects in this situation.
2023.01.24 08:32:50 INFO  web[][o.s.s.p.p.PlatformLevelStartup] Running Community Edition
2023.01.24 08:32:50 INFO  web[][o.s.s.p.Platform] WebServer is operational
2023.01.24 08:37:45 INFO  web[][o.s.p.ProcessEntryPoint] Gracefully stopping process
2023.01.24 08:37:45 INFO  web[][o.s.s.n.NotificationDaemon] Notification service stopped
2023.01.24 08:37:45 INFO  web[][o.s.s.p.d.EmbeddedDatabase] Embedded database stopped
2023.01.24 08:37:45 INFO  web[][o.s.s.app.WebServer] WebServer stopped
2023.01.24 08:38:17 INFO  web[][o.s.p.ProcessEntryPoint] Starting web
2023.01.24 08:38:18 INFO  web[][o.a.t.u.n.NioSelectorPool] Using a shared selector for servlet write/read
2023.01.24 08:38:19 INFO  web[][o.e.p.PluginsService] no modules loaded
2023.01.24 08:38:19 INFO  web[][o.e.p.PluginsService] loaded plugin [org.elasticsearch.join.ParentJoinPlugin]
2023.01.24 08:38:19 INFO  web[][o.e.p.PluginsService] loaded plugin [org.elasticsearch.percolator.PercolatorPlugin]
2023.01.24 08:38:19 INFO  web[][o.e.p.PluginsService] loaded plugin [org.elasticsearch.transport.Netty4Plugin]
2023.01.24 08:38:20 INFO  web[][o.s.s.e.EsClientProvider] Connected to local Elasticsearch: [127.0.0.1:9001]
2023.01.24 08:38:20 INFO  web[][o.s.s.p.LogServerVersion] SonarQube Server / 8.5.1.38104 / 568d59cd4cc6521467703887ba4bc2861cf6f3f1
2023.01.24 08:38:22 ERROR web[][o.s.s.p.PlatformImpl] Web server startup failed
java.lang.IllegalStateException: Unable to start database
	at org.sonar.server.platform.db.EmbeddedDatabase.startServer(EmbeddedDatabase.java:87)
	at org.sonar.server.platform.db.EmbeddedDatabase.start(EmbeddedDatabase.java:62)
	at org.sonar.server.platform.db.EmbeddedDatabaseFactory.start(EmbeddedDatabaseFactory.java:49)
	at org.sonar.core.platform.StartableCloseableSafeLifecyleStrategy.start(StartableCloseableSafeLifecyleStrategy.java:40)
	at org.picocontainer.injectors.AbstractInjectionFactory$LifecycleAdapter.start(AbstractInjectionFactory.java:84)
	at org.picocontainer.behaviors.AbstractBehavior.start(AbstractBehavior.java:169)
	at org.picocontainer.behaviors.Stored$RealComponentLifecycle.start(Stored.java:132)
	at org.picocontainer.behaviors.Stored.start(Stored.java:110)
	at org.picocontainer.DefaultPicoContainer.potentiallyStartAdapter(DefaultPicoContainer.java:1016)
	at org.picocontainer.DefaultPicoContainer.startAdapters(DefaultPicoContainer.java:1009)
	at org.picocontainer.DefaultPicoContainer.start(DefaultPicoContainer.java:767)
	at org.sonar.core.platform.ComponentContainer.startComponents(ComponentContainer.java:136)
	at org.sonar.server.platform.platformlevel.PlatformLevel.start(PlatformLevel.java:90)
	at org.sonar.server.platform.platformlevel.PlatformLevel1.start(PlatformLevel1.java:166)
	at org.sonar.server.platform.PlatformImpl.start(PlatformImpl.java:213)
	at org.sonar.server.platform.PlatformImpl.startLevel1Container(PlatformImpl.java:172)
	at org.sonar.server.platform.PlatformImpl.init(PlatformImpl.java:86)
	at org.sonar.server.platform.web.PlatformServletContextListener.contextInitialized(PlatformServletContextListener.java:43)
	at org.apache.catalina.core.StandardContext.listenerStart(StandardContext.java:4689)
	at org.apache.catalina.core.StandardContext.startInternal(StandardContext.java:5155)
	at org.apache.catalina.util.LifecycleBase.start(LifecycleBase.java:183)
	at org.apache.catalina.core.ContainerBase$StartChild.call(ContainerBase.java:1412)
	at org.apache.catalina.core.ContainerBase$StartChild.call(ContainerBase.java:1402)
	at java.base/java.util.concurrent.FutureTask.run(FutureTask.java:264)
	at java.base/java.util.concurrent.ThreadPoolExecutor.runWorker(ThreadPoolExecutor.java:1128)
	at java.base/java.util.concurrent.ThreadPoolExecutor$Worker.run(ThreadPoolExecutor.java:628)
	at java.base/java.lang.Thread.run(Thread.java:834)
Caused by: org.h2.jdbc.JdbcSQLInvalidAuthorizationSpecException: Wrong user name or password [28000-199]
	at org.h2.message.DbException.getJdbcSQLException(DbException.java:459)
	at org.h2.message.DbException.getJdbcSQLException(DbException.java:427)
	at org.h2.message.DbException.get(DbException.java:205)
	at org.h2.message.DbException.get(DbException.java:181)
	at org.h2.message.DbException.get(DbException.java:170)
	at org.h2.engine.Engine.validateUserAndPassword(Engine.java:366)
	at org.h2.engine.Engine.createSessionAndValidate(Engine.java:186)
	at org.h2.engine.Engine.createSession(Engine.java:161)
	at org.h2.engine.Engine.createSession(Engine.java:31)
	at org.h2.engine.SessionRemote.connectEmbeddedOrServer(SessionRemote.java:336)
	at org.h2.jdbc.JdbcConnection.<init>(JdbcConnection.java:169)
	at org.h2.jdbc.JdbcConnection.<init>(JdbcConnection.java:148)
	at org.h2.Driver.connect(Driver.java:69)
	at java.sql/java.sql.DriverManager.getConnection(DriverManager.java:677)
	at java.sql/java.sql.DriverManager.getConnection(DriverManager.java:251)
	at org.sonar.server.platform.db.EmbeddedDatabase.createDatabase(EmbeddedDatabase.java:114)
	at org.sonar.server.platform.db.EmbeddedDatabase.startServer(EmbeddedDatabase.java:78)
	... 26 common frames omitted
2023.01.24 08:38:22 WARN  web[][o.a.c.l.WebappClassLoaderBase] The web application [ROOT] appears to have started a thread named [elasticsearch[_client_][[timer]]] but has failed to stop it. This is very likely to create a memory leak. Stack trace of thread:\n java.base@11.0.8/java.lang.Thread.sleep(Native Method)\n app//org.elasticsearch.threadpool.ThreadPool$CachedTimeThread.run(ThreadPool.java:574)
2023.01.24 08:38:22 WARN  web[][o.a.c.l.WebappClassLoaderBase] The web application [ROOT] appears to have started a thread named [elasticsearch[_client_][scheduler][T#1]] but has failed to stop it. This is very likely to create a memory leak. Stack trace of thread:\n java.base@11.0.8/jdk.internal.misc.Unsafe.park(Native Method)\n java.base@11.0.8/java.util.concurrent.locks.LockSupport.parkNanos(LockSupport.java:234)\n java.base@11.0.8/java.util.concurrent.locks.AbstractQueuedSynchronizer$ConditionObject.awaitNanos(AbstractQueuedSynchronizer.java:2123)\n java.base@11.0.8/java.util.concurrent.ScheduledThreadPoolExecutor$DelayedWorkQueue.take(ScheduledThreadPoolExecutor.java:1182)\n java.base@11.0.8/java.util.concurrent.ScheduledThreadPoolExecutor$DelayedWorkQueue.take(ScheduledThreadPoolExecutor.java:899)\n java.base@11.0.8/java.util.concurrent.ThreadPoolExecutor.getTask(ThreadPoolExecutor.java:1054)\n java.base@11.0.8/java.util.concurrent.ThreadPoolExecutor.runWorker(ThreadPoolExecutor.java:1114)\n java.base@11.0.8/java.util.concurrent.ThreadPoolExecutor$Worker.run(ThreadPoolExecutor.java:628)\n java.base@11.0.8/java.lang.Thread.run(Thread.java:834)
2023.01.24 08:38:22 WARN  web[][o.a.c.l.WebappClassLoaderBase] The web application [ROOT] appears to have started a thread named [elasticsearch[_client_][transport_worker][T#1]] but has failed to stop it. This is very likely to create a memory leak. Stack trace of thread:\n java.base@11.0.8/sun.nio.ch.EPoll.wait(Native Method)\n java.base@11.0.8/sun.nio.ch.EPollSelectorImpl.doSelect(EPollSelectorImpl.java:120)\n java.base@11.0.8/sun.nio.ch.SelectorImpl.lockAndDoSelect(SelectorImpl.java:124)\n java.base@11.0.8/sun.nio.ch.SelectorImpl.select(SelectorImpl.java:136)\n app//io.netty.channel.nio.SelectedSelectionKeySetSelector.select(SelectedSelectionKeySetSelector.java:62)\n app//io.netty.channel.nio.NioEventLoop.select(NioEventLoop.java:765)\n app//io.netty.channel.nio.NioEventLoop.run(NioEventLoop.java:413)\n app//io.netty.util.concurrent.SingleThreadEventExecutor$5.run(SingleThreadEventExecutor.java:909)\n java.base@11.0.8/java.lang.Thread.run(Thread.java:834)
2023.01.24 08:38:22 WARN  web[][o.a.c.l.WebappClassLoaderBase] The web application [ROOT] appears to have started a thread named [elasticsearch[_client_][generic][T#1]] but has failed to stop it. This is very likely to create a memory leak. Stack trace of thread:\n java.base@11.0.8/jdk.internal.misc.Unsafe.park(Native Method)\n java.base@11.0.8/java.util.concurrent.locks.LockSupport.park(LockSupport.java:194)\n java.base@11.0.8/java.util.concurrent.LinkedTransferQueue.awaitMatch(LinkedTransferQueue.java:743)\n java.base@11.0.8/java.util.concurrent.LinkedTransferQueue.xfer(LinkedTransferQueue.java:684)\n java.base@11.0.8/java.util.concurrent.LinkedTransferQueue.take(LinkedTransferQueue.java:1366)\n java.base@11.0.8/java.util.concurrent.ThreadPoolExecutor.getTask(ThreadPoolExecutor.java:1054)\n java.base@11.0.8/java.util.concurrent.ThreadPoolExecutor.runWorker(ThreadPoolExecutor.java:1114)\n java.base@11.0.8/java.util.concurrent.ThreadPoolExecutor$Worker.run(ThreadPoolExecutor.java:628)\n java.base@11.0.8/java.lang.Thread.run(Thread.java:834)
2023.01.24 08:38:22 WARN  web[][o.a.c.l.WebappClassLoaderBase] The web application [ROOT] appears to have started a thread named [elasticsearch[_client_][transport_worker][T#2]] but has failed to stop it. This is very likely to create a memory leak. Stack trace of thread:\n java.base@11.0.8/sun.nio.ch.EPoll.wait(Native Method)\n java.base@11.0.8/sun.nio.ch.EPollSelectorImpl.doSelect(EPollSelectorImpl.java:120)\n java.base@11.0.8/sun.nio.ch.SelectorImpl.lockAndDoSelect(SelectorImpl.java:124)\n java.base@11.0.8/sun.nio.ch.SelectorImpl.select(SelectorImpl.java:136)\n app//io.netty.channel.nio.SelectedSelectionKeySetSelector.select(SelectedSelectionKeySetSelector.java:62)\n app//io.netty.channel.nio.NioEventLoop.select(NioEventLoop.java:765)\n app//io.netty.channel.nio.NioEventLoop.run(NioEventLoop.java:413)\n app//io.netty.util.concurrent.SingleThreadEventExecutor$5.run(SingleThreadEventExecutor.java:909)\n java.base@11.0.8/java.lang.Thread.run(Thread.java:834)
2023.01.24 08:38:22 WARN  web[][o.a.c.l.WebappClassLoaderBase] The web application [ROOT] appears to have started a thread named [elasticsearch[_client_][transport_worker][T#3]] but has failed to stop it. This is very likely to create a memory leak. Stack trace of thread:\n java.base@11.0.8/sun.nio.ch.EPoll.wait(Native Method)\n java.base@11.0.8/sun.nio.ch.EPollSelectorImpl.doSelect(EPollSelectorImpl.java:120)\n java.base@11.0.8/sun.nio.ch.SelectorImpl.lockAndDoSelect(SelectorImpl.java:124)\n java.base@11.0.8/sun.nio.ch.SelectorImpl.select(SelectorImpl.java:136)\n app//io.netty.channel.nio.SelectedSelectionKeySetSelector.select(SelectedSelectionKeySetSelector.java:62)\n app//io.netty.channel.nio.NioEventLoop.select(NioEventLoop.java:765)\n app//io.netty.channel.nio.NioEventLoop.run(NioEventLoop.java:413)\n app//io.netty.util.concurrent.SingleThreadEventExecutor$5.run(SingleThreadEventExecutor.java:909)\n java.base@11.0.8/java.lang.Thread.run(Thread.java:834)
2023.01.24 08:38:22 WARN  web[][o.a.c.l.WebappClassLoaderBase] The web application [ROOT] appears to have started a thread named [elasticsearch[_client_][transport_worker][T#4]] but has failed to stop it. This is very likely to create a memory leak. Stack trace of thread:\n java.base@11.0.8/sun.nio.ch.EPoll.wait(Native Method)\n java.base@11.0.8/sun.nio.ch.EPollSelectorImpl.doSelect(EPollSelectorImpl.java:120)\n java.base@11.0.8/sun.nio.ch.SelectorImpl.lockAndDoSelect(SelectorImpl.java:124)\n java.base@11.0.8/sun.nio.ch.SelectorImpl.select(SelectorImpl.java:136)\n app//io.netty.channel.nio.SelectedSelectionKeySetSelector.select(SelectedSelectionKeySetSelector.java:62)\n app//io.netty.channel.nio.NioEventLoop.select(NioEventLoop.java:765)\n app//io.netty.channel.nio.NioEventLoop.run(NioEventLoop.java:413)\n app//io.netty.util.concurrent.SingleThreadEventExecutor$5.run(SingleThreadEventExecutor.java:909)\n java.base@11.0.8/java.lang.Thread.run(Thread.java:834)
2023.01.24 08:38:22 WARN  web[][o.a.c.l.WebappClassLoaderBase] The web application [ROOT] appears to have started a thread named [elasticsearch[_client_][transport_worker][T#5]] but has failed to stop it. This is very likely to create a memory leak. Stack trace of thread:\n java.base@11.0.8/sun.nio.ch.EPoll.wait(Native Method)\n java.base@11.0.8/sun.nio.ch.EPollSelectorImpl.doSelect(EPollSelectorImpl.java:120)\n java.base@11.0.8/sun.nio.ch.SelectorImpl.lockAndDoSelect(SelectorImpl.java:124)\n java.base@11.0.8/sun.nio.ch.SelectorImpl.select(SelectorImpl.java:136)\n app//io.netty.channel.nio.SelectedSelectionKeySetSelector.select(SelectedSelectionKeySetSelector.java:62)\n app//io.netty.channel.nio.NioEventLoop.select(NioEventLoop.java:765)\n app//io.netty.channel.nio.NioEventLoop.run(NioEventLoop.java:413)\n app//io.netty.util.concurrent.SingleThreadEventExecutor$5.run(SingleThreadEventExecutor.java:909)\n java.base@11.0.8/java.lang.Thread.run(Thread.java:834)
2023.01.24 08:38:22 WARN  web[][o.a.c.l.WebappClassLoaderBase] The web application [ROOT] appears to have started a thread named [elasticsearch[_client_][transport_worker][T#6]] but has failed to stop it. This is very likely to create a memory leak. Stack trace of thread:\n java.base@11.0.8/sun.nio.ch.EPoll.wait(Native Method)\n java.base@11.0.8/sun.nio.ch.EPollSelectorImpl.doSelect(EPollSelectorImpl.java:120)\n java.base@11.0.8/sun.nio.ch.SelectorImpl.lockAndDoSelect(SelectorImpl.java:124)\n java.base@11.0.8/sun.nio.ch.SelectorImpl.select(SelectorImpl.java:136)\n app//io.netty.channel.nio.SelectedSelectionKeySetSelector.select(SelectedSelectionKeySetSelector.java:62)\n app//io.netty.channel.nio.NioEventLoop.select(NioEventLoop.java:765)\n app//io.netty.channel.nio.NioEventLoop.run(NioEventLoop.java:413)\n app//io.netty.util.concurrent.SingleThreadEventExecutor$5.run(SingleThreadEventExecutor.java:909)\n java.base@11.0.8/java.lang.Thread.run(Thread.java:834)
2023.01.24 08:38:22 WARN  web[][o.a.c.l.WebappClassLoaderBase] The web application [ROOT] appears to have started a thread named [elasticsearch[_client_][transport_worker][T#7]] but has failed to stop it. This is very likely to create a memory leak. Stack trace of thread:\n java.base@11.0.8/sun.nio.ch.EPoll.wait(Native Method)\n java.base@11.0.8/sun.nio.ch.EPollSelectorImpl.doSelect(EPollSelectorImpl.java:120)\n java.base@11.0.8/sun.nio.ch.SelectorImpl.lockAndDoSelect(SelectorImpl.java:124)\n java.base@11.0.8/sun.nio.ch.SelectorImpl.select(SelectorImpl.java:136)\n app//io.netty.channel.nio.SelectedSelectionKeySetSelector.select(SelectedSelectionKeySetSelector.java:62)\n app//io.netty.channel.nio.NioEventLoop.select(NioEventLoop.java:765)\n app//io.netty.channel.nio.NioEventLoop.run(NioEventLoop.java:413)\n app//io.netty.util.concurrent.SingleThreadEventExecutor$5.run(SingleThreadEventExecutor.java:909)\n java.base@11.0.8/java.lang.Thread.run(Thread.java:834)
2023.01.24 08:38:22 WARN  web[][o.a.c.l.WebappClassLoaderBase] The web application [ROOT] appears to have started a thread named [elasticsearch[_client_][transport_worker][T#8]] but has failed to stop it. This is very likely to create a memory leak. Stack trace of thread:\n java.base@11.0.8/sun.nio.ch.EPoll.wait(Native Method)\n java.base@11.0.8/sun.nio.ch.EPollSelectorImpl.doSelect(EPollSelectorImpl.java:120)\n java.base@11.0.8/sun.nio.ch.SelectorImpl.lockAndDoSelect(SelectorImpl.java:124)\n java.base@11.0.8/sun.nio.ch.SelectorImpl.select(SelectorImpl.java:136)\n app//io.netty.channel.nio.SelectedSelectionKeySetSelector.select(SelectedSelectionKeySetSelector.java:62)\n app//io.netty.channel.nio.NioEventLoop.select(NioEventLoop.java:765)\n app//io.netty.channel.nio.NioEventLoop.run(NioEventLoop.java:413)\n app//io.netty.util.concurrent.SingleThreadEventExecutor$5.run(SingleThreadEventExecutor.java:909)\n java.base@11.0.8/java.lang.Thread.run(Thread.java:834)
2023.01.24 08:38:22 INFO  web[][o.s.s.a.EmbeddedTomcat] HTTP connector enabled on port 9000
2023.01.24 08:38:22 INFO  web[][o.s.p.ProcessEntryPoint] Hard stopping process
2023.01.24 08:38:48 INFO  web[][o.s.p.ProcessEntryPoint] Starting web
2023.01.24 08:38:48 INFO  web[][o.a.t.u.n.NioSelectorPool] Using a shared selector for servlet write/read
2023.01.24 08:38:49 INFO  web[][o.e.p.PluginsService] no modules loaded
2023.01.24 08:38:49 INFO  web[][o.e.p.PluginsService] loaded plugin [org.elasticsearch.join.ParentJoinPlugin]
2023.01.24 08:38:49 INFO  web[][o.e.p.PluginsService] loaded plugin [org.elasticsearch.percolator.PercolatorPlugin]
2023.01.24 08:38:49 INFO  web[][o.e.p.PluginsService] loaded plugin [org.elasticsearch.transport.Netty4Plugin]
2023.01.24 08:38:51 INFO  web[][o.s.s.e.EsClientProvider] Connected to local Elasticsearch: [127.0.0.1:9001]
2023.01.24 08:38:51 INFO  web[][o.s.s.p.LogServerVersion] SonarQube Server / 8.5.1.38104 / 568d59cd4cc6521467703887ba4bc2861cf6f3f1
2023.01.24 08:38:52 ERROR web[][o.s.s.p.PlatformImpl] Web server startup failed
java.lang.IllegalStateException: Unable to start database
	at org.sonar.server.platform.db.EmbeddedDatabase.startServer(EmbeddedDatabase.java:87)
	at org.sonar.server.platform.db.EmbeddedDatabase.start(EmbeddedDatabase.java:62)
	at org.sonar.server.platform.db.EmbeddedDatabaseFactory.start(EmbeddedDatabaseFactory.java:49)
	at org.sonar.core.platform.StartableCloseableSafeLifecyleStrategy.start(StartableCloseableSafeLifecyleStrategy.java:40)
	at org.picocontainer.injectors.AbstractInjectionFactory$LifecycleAdapter.start(AbstractInjectionFactory.java:84)
	at org.picocontainer.behaviors.AbstractBehavior.start(AbstractBehavior.java:169)
	at org.picocontainer.behaviors.Stored$RealComponentLifecycle.start(Stored.java:132)
	at org.picocontainer.behaviors.Stored.start(Stored.java:110)
	at org.picocontainer.DefaultPicoContainer.potentiallyStartAdapter(DefaultPicoContainer.java:1016)
	at org.picocontainer.DefaultPicoContainer.startAdapters(DefaultPicoContainer.java:1009)
	at org.picocontainer.DefaultPicoContainer.start(DefaultPicoContainer.java:767)
	at org.sonar.core.platform.ComponentContainer.startComponents(ComponentContainer.java:136)
	at org.sonar.server.platform.platformlevel.PlatformLevel.start(PlatformLevel.java:90)
	at org.sonar.server.platform.platformlevel.PlatformLevel1.start(PlatformLevel1.java:166)
	at org.sonar.server.platform.PlatformImpl.start(PlatformImpl.java:213)
	at org.sonar.server.platform.PlatformImpl.startLevel1Container(PlatformImpl.java:172)
	at org.sonar.server.platform.PlatformImpl.init(PlatformImpl.java:86)
	at org.sonar.server.platform.web.PlatformServletContextListener.contextInitialized(PlatformServletContextListener.java:43)
	at org.apache.catalina.core.StandardContext.listenerStart(StandardContext.java:4689)
	at org.apache.catalina.core.StandardContext.startInternal(StandardContext.java:5155)
	at org.apache.catalina.util.LifecycleBase.start(LifecycleBase.java:183)
	at org.apache.catalina.core.ContainerBase$StartChild.call(ContainerBase.java:1412)
	at org.apache.catalina.core.ContainerBase$StartChild.call(ContainerBase.java:1402)
	at java.base/java.util.concurrent.FutureTask.run(FutureTask.java:264)
	at java.base/java.util.concurrent.ThreadPoolExecutor.runWorker(ThreadPoolExecutor.java:1128)
	at java.base/java.util.concurrent.ThreadPoolExecutor$Worker.run(ThreadPoolExecutor.java:628)
	at java.base/java.lang.Thread.run(Thread.java:834)
Caused by: org.h2.jdbc.JdbcSQLInvalidAuthorizationSpecException: Wrong user name or password [28000-199]
	at org.h2.message.DbException.getJdbcSQLException(DbException.java:459)
	at org.h2.message.DbException.getJdbcSQLException(DbException.java:427)
	at org.h2.message.DbException.get(DbException.java:205)
	at org.h2.message.DbException.get(DbException.java:181)
	at org.h2.message.DbException.get(DbException.java:170)
	at org.h2.engine.Engine.validateUserAndPassword(Engine.java:366)
	at org.h2.engine.Engine.createSessionAndValidate(Engine.java:186)
	at org.h2.engine.Engine.createSession(Engine.java:161)
	at org.h2.engine.Engine.createSession(Engine.java:31)
	at org.h2.engine.SessionRemote.connectEmbeddedOrServer(SessionRemote.java:336)
	at org.h2.jdbc.JdbcConnection.<init>(JdbcConnection.java:169)
	at org.h2.jdbc.JdbcConnection.<init>(JdbcConnection.java:148)
	at org.h2.Driver.connect(Driver.java:69)
	at java.sql/java.sql.DriverManager.getConnection(DriverManager.java:677)
	at java.sql/java.sql.DriverManager.getConnection(DriverManager.java:251)
	at org.sonar.server.platform.db.EmbeddedDatabase.createDatabase(EmbeddedDatabase.java:114)
	at org.sonar.server.platform.db.EmbeddedDatabase.startServer(EmbeddedDatabase.java:78)
	... 26 common frames omitted
2023.01.24 08:38:52 WARN  web[][o.a.c.l.WebappClassLoaderBase] The web application [ROOT] appears to have started a thread named [elasticsearch[_client_][[timer]]] but has failed to stop it. This is very likely to create a memory leak. Stack trace of thread:\n java.base@11.0.8/java.lang.Thread.sleep(Native Method)\n app//org.elasticsearch.threadpool.ThreadPool$CachedTimeThread.run(ThreadPool.java:574)
2023.01.24 08:38:52 WARN  web[][o.a.c.l.WebappClassLoaderBase] The web application [ROOT] appears to have started a thread named [elasticsearch[_client_][scheduler][T#1]] but has failed to stop it. This is very likely to create a memory leak. Stack trace of thread:\n java.base@11.0.8/jdk.internal.misc.Unsafe.park(Native Method)\n java.base@11.0.8/java.util.concurrent.locks.LockSupport.parkNanos(LockSupport.java:234)\n java.base@11.0.8/java.util.concurrent.locks.AbstractQueuedSynchronizer$ConditionObject.awaitNanos(AbstractQueuedSynchronizer.java:2123)\n java.base@11.0.8/java.util.concurrent.ScheduledThreadPoolExecutor$DelayedWorkQueue.take(ScheduledThreadPoolExecutor.java:1182)\n java.base@11.0.8/java.util.concurrent.ScheduledThreadPoolExecutor$DelayedWorkQueue.take(ScheduledThreadPoolExecutor.java:899)\n java.base@11.0.8/java.util.concurrent.ThreadPoolExecutor.getTask(ThreadPoolExecutor.java:1054)\n java.base@11.0.8/java.util.concurrent.ThreadPoolExecutor.runWorker(ThreadPoolExecutor.java:1114)\n java.base@11.0.8/java.util.concurrent.ThreadPoolExecutor$Worker.run(ThreadPoolExecutor.java:628)\n java.base@11.0.8/java.lang.Thread.run(Thread.java:834)
2023.01.24 08:38:52 WARN  web[][o.a.c.l.WebappClassLoaderBase] The web application [ROOT] appears to have started a thread named [elasticsearch[_client_][transport_worker][T#1]] but has failed to stop it. This is very likely to create a memory leak. Stack trace of thread:\n java.base@11.0.8/sun.nio.ch.EPoll.wait(Native Method)\n java.base@11.0.8/sun.nio.ch.EPollSelectorImpl.doSelect(EPollSelectorImpl.java:120)\n java.base@11.0.8/sun.nio.ch.SelectorImpl.lockAndDoSelect(SelectorImpl.java:124)\n java.base@11.0.8/sun.nio.ch.SelectorImpl.select(SelectorImpl.java:136)\n app//io.netty.channel.nio.SelectedSelectionKeySetSelector.select(SelectedSelectionKeySetSelector.java:62)\n app//io.netty.channel.nio.NioEventLoop.select(NioEventLoop.java:765)\n app//io.netty.channel.nio.NioEventLoop.run(NioEventLoop.java:413)\n app//io.netty.util.concurrent.SingleThreadEventExecutor$5.run(SingleThreadEventExecutor.java:909)\n java.base@11.0.8/java.lang.Thread.run(Thread.java:834)
2023.01.24 08:38:52 WARN  web[][o.a.c.l.WebappClassLoaderBase] The web application [ROOT] appears to have started a thread named [elasticsearch[_client_][generic][T#1]] but has failed to stop it. This is very likely to create a memory leak. Stack trace of thread:\n java.base@11.0.8/jdk.internal.misc.Unsafe.park(Native Method)\n java.base@11.0.8/java.util.concurrent.locks.LockSupport.park(LockSupport.java:194)\n java.base@11.0.8/java.util.concurrent.LinkedTransferQueue.awaitMatch(LinkedTransferQueue.java:743)\n java.base@11.0.8/java.util.concurrent.LinkedTransferQueue.xfer(LinkedTransferQueue.java:684)\n java.base@11.0.8/java.util.concurrent.LinkedTransferQueue.take(LinkedTransferQueue.java:1366)\n java.base@11.0.8/java.util.concurrent.ThreadPoolExecutor.getTask(ThreadPoolExecutor.java:1054)\n java.base@11.0.8/java.util.concurrent.ThreadPoolExecutor.runWorker(ThreadPoolExecutor.java:1114)\n java.base@11.0.8/java.util.concurrent.ThreadPoolExecutor$Worker.run(ThreadPoolExecutor.java:628)\n java.base@11.0.8/java.lang.Thread.run(Thread.java:834)
2023.01.24 08:38:52 WARN  web[][o.a.c.l.WebappClassLoaderBase] The web application [ROOT] appears to have started a thread named [elasticsearch[_client_][transport_worker][T#2]] but has failed to stop it. This is very likely to create a memory leak. Stack trace of thread:\n java.base@11.0.8/sun.nio.ch.EPoll.wait(Native Method)\n java.base@11.0.8/sun.nio.ch.EPollSelectorImpl.doSelect(EPollSelectorImpl.java:120)\n java.base@11.0.8/sun.nio.ch.SelectorImpl.lockAndDoSelect(SelectorImpl.java:124)\n java.base@11.0.8/sun.nio.ch.SelectorImpl.select(SelectorImpl.java:136)\n app//io.netty.channel.nio.SelectedSelectionKeySetSelector.select(SelectedSelectionKeySetSelector.java:62)\n app//io.netty.channel.nio.NioEventLoop.select(NioEventLoop.java:765)\n app//io.netty.channel.nio.NioEventLoop.run(NioEventLoop.java:413)\n app//io.netty.util.concurrent.SingleThreadEventExecutor$5.run(SingleThreadEventExecutor.java:909)\n java.base@11.0.8/java.lang.Thread.run(Thread.java:834)
2023.01.24 08:38:52 WARN  web[][o.a.c.l.WebappClassLoaderBase] The web application [ROOT] appears to have started a thread named [elasticsearch[_client_][transport_worker][T#3]] but has failed to stop it. This is very likely to create a memory leak. Stack trace of thread:\n java.base@11.0.8/sun.nio.ch.EPoll.wait(Native Method)\n java.base@11.0.8/sun.nio.ch.EPollSelectorImpl.doSelect(EPollSelectorImpl.java:120)\n java.base@11.0.8/sun.nio.ch.SelectorImpl.lockAndDoSelect(SelectorImpl.java:124)\n java.base@11.0.8/sun.nio.ch.SelectorImpl.select(SelectorImpl.java:136)\n app//io.netty.channel.nio.SelectedSelectionKeySetSelector.select(SelectedSelectionKeySetSelector.java:62)\n app//io.netty.channel.nio.NioEventLoop.select(NioEventLoop.java:765)\n app//io.netty.channel.nio.NioEventLoop.run(NioEventLoop.java:413)\n app//io.netty.util.concurrent.SingleThreadEventExecutor$5.run(SingleThreadEventExecutor.java:909)\n java.base@11.0.8/java.lang.Thread.run(Thread.java:834)
2023.01.24 08:38:52 WARN  web[][o.a.c.l.WebappClassLoaderBase] The web application [ROOT] appears to have started a thread named [elasticsearch[_client_][transport_worker][T#4]] but has failed to stop it. This is very likely to create a memory leak. Stack trace of thread:\n java.base@11.0.8/sun.nio.ch.EPoll.wait(Native Method)\n java.base@11.0.8/sun.nio.ch.EPollSelectorImpl.doSelect(EPollSelectorImpl.java:120)\n java.base@11.0.8/sun.nio.ch.SelectorImpl.lockAndDoSelect(SelectorImpl.java:124)\n java.base@11.0.8/sun.nio.ch.SelectorImpl.select(SelectorImpl.java:136)\n app//io.netty.channel.nio.SelectedSelectionKeySetSelector.select(SelectedSelectionKeySetSelector.java:62)\n app//io.netty.channel.nio.NioEventLoop.select(NioEventLoop.java:765)\n app//io.netty.channel.nio.NioEventLoop.run(NioEventLoop.java:413)\n app//io.netty.util.concurrent.SingleThreadEventExecutor$5.run(SingleThreadEventExecutor.java:909)\n java.base@11.0.8/java.lang.Thread.run(Thread.java:834)
2023.01.24 08:38:52 WARN  web[][o.a.c.l.WebappClassLoaderBase] The web application [ROOT] appears to have started a thread named [elasticsearch[_client_][transport_worker][T#5]] but has failed to stop it. This is very likely to create a memory leak. Stack trace of thread:\n java.base@11.0.8/sun.nio.ch.EPoll.wait(Native Method)\n java.base@11.0.8/sun.nio.ch.EPollSelectorImpl.doSelect(EPollSelectorImpl.java:120)\n java.base@11.0.8/sun.nio.ch.SelectorImpl.lockAndDoSelect(SelectorImpl.java:124)\n java.base@11.0.8/sun.nio.ch.SelectorImpl.select(SelectorImpl.java:136)\n app//io.netty.channel.nio.SelectedSelectionKeySetSelector.select(SelectedSelectionKeySetSelector.java:62)\n app//io.netty.channel.nio.NioEventLoop.select(NioEventLoop.java:765)\n app//io.netty.channel.nio.NioEventLoop.run(NioEventLoop.java:413)\n app//io.netty.util.concurrent.SingleThreadEventExecutor$5.run(SingleThreadEventExecutor.java:909)\n java.base@11.0.8/java.lang.Thread.run(Thread.java:834)
2023.01.24 08:38:52 WARN  web[][o.a.c.l.WebappClassLoaderBase] The web application [ROOT] appears to have started a thread named [elasticsearch[_client_][transport_worker][T#6]] but has failed to stop it. This is very likely to create a memory leak. Stack trace of thread:\n java.base@11.0.8/sun.nio.ch.EPoll.wait(Native Method)\n java.base@11.0.8/sun.nio.ch.EPollSelectorImpl.doSelect(EPollSelectorImpl.java:120)\n java.base@11.0.8/sun.nio.ch.SelectorImpl.lockAndDoSelect(SelectorImpl.java:124)\n java.base@11.0.8/sun.nio.ch.SelectorImpl.select(SelectorImpl.java:136)\n app//io.netty.channel.nio.SelectedSelectionKeySetSelector.select(SelectedSelectionKeySetSelector.java:62)\n app//io.netty.channel.nio.NioEventLoop.select(NioEventLoop.java:765)\n app//io.netty.channel.nio.NioEventLoop.run(NioEventLoop.java:413)\n app//io.netty.util.concurrent.SingleThreadEventExecutor$5.run(SingleThreadEventExecutor.java:909)\n java.base@11.0.8/java.lang.Thread.run(Thread.java:834)
2023.01.24 08:38:52 WARN  web[][o.a.c.l.WebappClassLoaderBase] The web application [ROOT] appears to have started a thread named [elasticsearch[_client_][transport_worker][T#7]] but has failed to stop it. This is very likely to create a memory leak. Stack trace of thread:\n java.base@11.0.8/sun.nio.ch.EPoll.wait(Native Method)\n java.base@11.0.8/sun.nio.ch.EPollSelectorImpl.doSelect(EPollSelectorImpl.java:120)\n java.base@11.0.8/sun.nio.ch.SelectorImpl.lockAndDoSelect(SelectorImpl.java:124)\n java.base@11.0.8/sun.nio.ch.SelectorImpl.select(SelectorImpl.java:136)\n app//io.netty.channel.nio.SelectedSelectionKeySetSelector.select(SelectedSelectionKeySetSelector.java:62)\n app//io.netty.channel.nio.NioEventLoop.select(NioEventLoop.java:765)\n app//io.netty.channel.nio.NioEventLoop.run(NioEventLoop.java:413)\n app//io.netty.util.concurrent.SingleThreadEventExecutor$5.run(SingleThreadEventExecutor.java:909)\n java.base@11.0.8/java.lang.Thread.run(Thread.java:834)
2023.01.24 08:38:52 WARN  web[][o.a.c.l.WebappClassLoaderBase] The web application [ROOT] appears to have started a thread named [elasticsearch[_client_][transport_worker][T#8]] but has failed to stop it. This is very likely to create a memory leak. Stack trace of thread:\n java.base@11.0.8/sun.nio.ch.EPoll.wait(Native Method)\n java.base@11.0.8/sun.nio.ch.EPollSelectorImpl.doSelect(EPollSelectorImpl.java:120)\n java.base@11.0.8/sun.nio.ch.SelectorImpl.lockAndDoSelect(SelectorImpl.java:124)\n java.base@11.0.8/sun.nio.ch.SelectorImpl.select(SelectorImpl.java:136)\n app//io.netty.channel.nio.SelectedSelectionKeySetSelector.select(SelectedSelectionKeySetSelector.java:62)\n app//io.netty.channel.nio.NioEventLoop.select(NioEventLoop.java:765)\n app//io.netty.channel.nio.NioEventLoop.run(NioEventLoop.java:413)\n app//io.netty.util.concurrent.SingleThreadEventExecutor$5.run(SingleThreadEventExecutor.java:909)\n java.base@11.0.8/java.lang.Thread.run(Thread.java:834)
2023.01.24 08:38:52 INFO  web[][o.s.s.a.EmbeddedTomcat] HTTP connector enabled on port 9000
2023.01.24 08:38:52 INFO  web[][o.s.p.ProcessEntryPoint] Hard stopping process
2023.01.24 08:39:32 INFO  web[][o.s.p.ProcessEntryPoint] Starting web
2023.01.24 08:39:33 INFO  web[][o.a.t.u.n.NioSelectorPool] Using a shared selector for servlet write/read
2023.01.24 08:39:33 INFO  web[][o.e.p.PluginsService] no modules loaded
2023.01.24 08:39:33 INFO  web[][o.e.p.PluginsService] loaded plugin [org.elasticsearch.join.ParentJoinPlugin]
2023.01.24 08:39:33 INFO  web[][o.e.p.PluginsService] loaded plugin [org.elasticsearch.percolator.PercolatorPlugin]
2023.01.24 08:39:33 INFO  web[][o.e.p.PluginsService] loaded plugin [org.elasticsearch.transport.Netty4Plugin]
2023.01.24 08:39:34 INFO  web[][o.s.s.e.EsClientProvider] Connected to local Elasticsearch: [127.0.0.1:9001]
2023.01.24 08:39:34 INFO  web[][o.s.s.p.LogServerVersion] SonarQube Server / 8.5.1.38104 / 568d59cd4cc6521467703887ba4bc2861cf6f3f1
2023.01.24 08:39:35 INFO  web[][o.s.s.p.d.EmbeddedDatabase] Starting embedded database on port 9092 with url jdbc:h2:tcp://127.0.0.1:9092/sonar
2023.01.24 08:39:35 INFO  web[][o.s.s.p.d.EmbeddedDatabase] Embedded database started. Data stored in: /opt/sonarqube/data
2023.01.24 08:39:35 INFO  web[][o.sonar.db.Database] Create JDBC data source for jdbc:h2:tcp://127.0.0.1:9092/sonar
2023.01.24 08:39:35 WARN  web[][o.s.db.dialect.H2] H2 database should be used for evaluation purpose only.
2023.01.24 08:39:36 INFO  web[][o.s.s.p.ServerFileSystemImpl] SonarQube home: /opt/sonarqube
2023.01.24 08:39:36 INFO  web[][o.s.s.u.SystemPasscodeImpl] System authentication by passcode is disabled
2023.01.24 08:39:36 INFO  web[][o.s.s.p.ServerPluginManager] Deploy plugin C# Code Quality and Security / 8.13.1.21947 / 6b0b8a220b9698836e5489199ca0a4e09bc778ff
2023.01.24 08:39:36 INFO  web[][o.s.s.p.ServerPluginManager] Deploy plugin CSS Code Quality and Security / 1.3.1.1642 / f249c9f1b256ec276f3ba6d6d900a64849119709
2023.01.24 08:39:36 INFO  web[][o.s.s.p.ServerPluginManager] Deploy plugin JaCoCo / 1.1.0.898 / f65b288e6c2888393bd7fb72ad7ac1425f88eebf
2023.01.24 08:39:36 INFO  web[][o.s.s.p.ServerPluginManager] Deploy plugin Java Code Quality and Security / 6.8.0.23379 / 1eb56f1dc616bc0c52994040288593bc0170136f
2023.01.24 08:39:36 INFO  web[][o.s.s.p.ServerPluginManager] Deploy plugin JavaScript/TypeScript Code Quality and Security / 6.5.0.13383 / 571826181a8fdfbefd8d16a8a020f48b9d74676b
2023.01.24 08:39:36 INFO  web[][o.s.s.p.ServerPluginManager] Deploy plugin PHP Code Quality and Security / 3.9.0.6331 / 5951b3f0be60713cb05ec3608734e2489a4b0670
2023.01.24 08:39:36 INFO  web[][o.s.s.p.ServerPluginManager] Deploy plugin Python Code Quality and Security / 3.1.0.7619 / afa4cc5b20ce4ae18a7cba39f196ea7bee64eaa0
2023.01.24 08:39:36 INFO  web[][o.s.s.p.ServerPluginManager] Deploy plugin SonarFlex / 2.5.1.1831 / a0c44437f6abb0feec76edd073f91fec64db2a6c
2023.01.24 08:39:36 INFO  web[][o.s.s.p.ServerPluginManager] Deploy plugin SonarGo / 1.6.0.719 / edcc6a9e42fcdd30bb6f84a779c6cd7009ec72fd
2023.01.24 08:39:36 INFO  web[][o.s.s.p.ServerPluginManager] Deploy plugin SonarHTML / 3.2.0.2082 / 997a51b39c4d0a5399c73a8fb729030a69eb392b
2023.01.24 08:39:36 INFO  web[][o.s.s.p.ServerPluginManager] Deploy plugin SonarKotlin / 1.5.0.315 / 4ff3a145a58f3f84f1b39846a205a129d742e993
2023.01.24 08:39:36 INFO  web[][o.s.s.p.ServerPluginManager] Deploy plugin SonarRuby / 1.5.0.315 / 4ff3a145a58f3f84f1b39846a205a129d742e993
2023.01.24 08:39:36 INFO  web[][o.s.s.p.ServerPluginManager] Deploy plugin SonarScala / 1.5.0.315 / 4ff3a145a58f3f84f1b39846a205a129d742e993
2023.01.24 08:39:36 INFO  web[][o.s.s.p.ServerPluginManager] Deploy plugin SonarXML / 2.0.1.2020 / c5b84004face582d56f110e24c29bf9c6a679e69
2023.01.24 08:39:36 INFO  web[][o.s.s.p.ServerPluginManager] Deploy plugin VB.NET Code Quality and Security / 8.13.1.21947 / 6b0b8a220b9698836e5489199ca0a4e09bc778ff
2023.01.24 08:39:37 INFO  web[][o.s.s.p.w.MasterServletFilter] Initializing servlet filter org.sonar.server.platform.web.WebServiceFilter@7b3c627f [pattern=UrlPattern{inclusions=[/api/system/migrate_db.*, ...], exclusions=[/api/components/update_key, ...]}]
2023.01.24 08:39:37 INFO  web[][o.s.s.a.EmbeddedTomcat] HTTP connector enabled on port 9000
2023.01.24 08:39:39 INFO  web[][o.s.s.p.UpdateCenterClient] Update center: https://update.sonarsource.org/update-center.properties (no proxy)
2023.01.24 08:39:40 INFO  web[][o.s.s.s.LogServerId] Server ID: BF41A1F2-AYXaGxfHTOuXQzfT7xpU
2023.01.24 08:39:40 WARN  web[][o.s.s.a.LogOAuthWarning] For security reasons, OAuth authentication should use HTTPS. You should set the property 'Administration > Configuration > Server base URL' to a HTTPS URL.
2023.01.24 08:39:40 WARN  web[][o.s.a.s.w.WebService$Action] The response example is not set on action api/plugins/download
2023.01.24 08:39:40 WARN  web[][o.s.a.s.w.WebService$Action] The response example is not set on action api/permissions/search_templates
2023.01.24 08:39:40 INFO  web[][o.s.s.t.TelemetryDaemon] Sharing of SonarQube statistics is enabled.
2023.01.24 08:39:40 INFO  web[][o.s.s.n.NotificationDaemon] Notification service started (delay 60 sec.)
2023.01.24 08:39:40 INFO  web[][o.s.s.a.p.ExpiredSessionsCleaner] Purge of expired session tokens has removed 0 elements
2023.01.24 08:39:40 INFO  web[][o.s.s.a.p.ExpiredSessionsCleaner] Purge of expired SAML message ids has removed 0 elements
2023.01.24 08:39:40 INFO  web[][o.s.s.s.GeneratePluginIndex] Generate scanner plugin index
2023.01.24 08:39:40 INFO  web[][o.s.s.s.RegisterPlugins] Register plugins
2023.01.24 08:39:40 INFO  web[][o.s.s.s.RegisterMetrics] Register metrics
2023.01.24 08:39:40 INFO  web[][o.s.s.r.RegisterRules] Register rules
2023.01.24 08:39:47 INFO  web[][o.s.s.q.BuiltInQProfileRepositoryImpl] Load quality profiles
2023.01.24 08:39:47 WARN  web[][o.s.p.j.JavaScriptProfilesDefinition] Adding security ruleKeys []
2023.01.24 08:39:47 WARN  web[][o.s.p.j.JavaScriptProfilesDefinition] Adding security ruleKeys []
2023.01.24 08:39:47 WARN  web[][o.s.p.j.JavaScriptProfilesDefinition] Adding security ruleKeys []
2023.01.24 08:39:47 WARN  web[][o.s.p.j.JavaScriptProfilesDefinition] Adding security ruleKeys []
2023.01.24 08:39:48 INFO  web[][o.s.s.q.RegisterQualityProfiles] Register quality profiles
2023.01.24 08:39:48 INFO  web[][o.s.s.q.RegisterQualityProfiles] Update profile css/Sonar way
2023.01.24 08:39:48 INFO  web[][o.s.s.q.RegisterQualityProfiles] Update profile scala/Sonar way
2023.01.24 08:39:48 INFO  web[][o.s.s.q.RegisterQualityProfiles] Update profile jsp/Sonar way
2023.01.24 08:39:48 INFO  web[][o.s.s.q.RegisterQualityProfiles] Update profile go/Sonar way
2023.01.24 08:39:48 INFO  web[][o.s.s.q.RegisterQualityProfiles] Update profile kotlin/Sonar way
2023.01.24 08:39:48 INFO  web[][o.s.s.q.RegisterQualityProfiles] Update profile js/Sonar way
2023.01.24 08:39:48 INFO  web[][o.s.s.q.RegisterQualityProfiles] Update profile js/Sonar way Recommended
2023.01.24 08:39:48 INFO  web[][o.s.s.q.RegisterQualityProfiles] Update profile py/Sonar way
2023.01.24 08:39:48 INFO  web[][o.s.s.q.RegisterQualityProfiles] Update profile ruby/Sonar way
2023.01.24 08:39:48 INFO  web[][o.s.s.q.RegisterQualityProfiles] Update profile cs/Sonar way
2023.01.24 08:39:49 INFO  web[][o.s.s.q.RegisterQualityProfiles] Update profile java/Sonar way
2023.01.24 08:39:49 INFO  web[][o.s.s.q.RegisterQualityProfiles] Update profile web/Sonar way
2023.01.24 08:39:49 INFO  web[][o.s.s.q.RegisterQualityProfiles] Update profile xml/Sonar way
2023.01.24 08:39:49 INFO  web[][o.s.s.q.RegisterQualityProfiles] Update profile flex/Sonar way
2023.01.24 08:39:49 INFO  web[][o.s.s.q.RegisterQualityProfiles] Update profile php/Sonar way
2023.01.24 08:39:49 INFO  web[][o.s.s.q.RegisterQualityProfiles] Update profile php/PSR-2
2023.01.24 08:39:49 INFO  web[][o.s.s.q.RegisterQualityProfiles] Update profile php/Drupal
2023.01.24 08:39:49 INFO  web[][o.s.s.q.RegisterQualityProfiles] Update profile vbnet/Sonar way
2023.01.24 08:39:49 INFO  web[][o.s.s.q.RegisterQualityProfiles] Update profile ts/Sonar way
2023.01.24 08:39:49 INFO  web[][o.s.s.q.RegisterQualityProfiles] Update profile ts/Sonar way recommended
2023.01.24 08:39:50 INFO  web[][o.s.s.s.RegisterPermissionTemplates] Register permission templates
2023.01.24 08:39:50 INFO  web[][o.s.s.s.RenameDeprecatedPropertyKeys] Rename deprecated property keys
2023.01.24 08:39:50 INFO  web[][o.s.s.p.w.MasterServletFilter] Initializing servlet filter org.sonar.server.platform.web.WebServiceFilter@355a1dbf [pattern=UrlPattern{inclusions=[/api/issues/delete_comment.*, ...], exclusions=[/api/authentication/login.*, ...]}]
2023.01.24 08:39:50 INFO  web[][o.s.s.p.w.MasterServletFilter] Initializing servlet filter org.sonar.server.platform.web.WebServiceReroutingFilter@2a3a8376 [pattern=UrlPattern{inclusions=[/api/components/bulk_update_key, ...], exclusions=[]}]
2023.01.24 08:39:50 INFO  web[][o.s.s.p.w.MasterServletFilter] Initializing servlet filter org.sonar.server.authentication.InitFilter@7b34107 [pattern=UrlPattern{inclusions=[/sessions/init/*], exclusions=[]}]
2023.01.24 08:39:50 INFO  web[][o.s.s.p.w.MasterServletFilter] Initializing servlet filter org.sonar.server.authentication.OAuth2CallbackFilter@34ed8646 [pattern=UrlPattern{inclusions=[/oauth2/callback/*], exclusions=[]}]
2023.01.24 08:39:50 INFO  web[][o.s.s.p.w.MasterServletFilter] Initializing servlet filter org.sonar.server.authentication.ws.LoginAction@200992e7 [pattern=UrlPattern{inclusions=[/api/authentication/login], exclusions=[]}]
2023.01.24 08:39:50 INFO  web[][o.s.s.p.w.MasterServletFilter] Initializing servlet filter org.sonar.server.authentication.ws.LogoutAction@26088da7 [pattern=UrlPattern{inclusions=[/api/authentication/logout], exclusions=[]}]
2023.01.24 08:39:50 INFO  web[][o.s.s.p.w.MasterServletFilter] Initializing servlet filter org.sonar.server.authentication.ws.ValidateAction@dab901b [pattern=UrlPattern{inclusions=[/api/authentication/validate], exclusions=[]}]
2023.01.24 08:39:50 INFO  web[][o.s.s.q.ProjectsInWarningDaemon] Counting number of projects in warning is not started as there are no projects in this situation.
2023.01.24 08:39:50 INFO  web[][o.s.s.p.p.PlatformLevelStartup] Running Community Edition
2023.01.24 08:39:50 INFO  web[][o.s.s.p.Platform] WebServer is operational
2023.01.24 10:45:54 INFO  web[][o.s.p.ProcessEntryPoint] Gracefully stopping process
2023.01.24 10:45:54 INFO  web[][o.s.s.n.NotificationDaemon] Notification service stopped
2023.01.24 10:45:55 INFO  web[][o.s.s.p.d.EmbeddedDatabase] Embedded database stopped
2023.01.24 10:45:55 INFO  web[][o.s.s.app.WebServer] WebServer stopped
